{
    "meta": {
        "format": 3,
        "version": "7.16.0",
        "timestamp": "2026-09-06T01:49:53.564233",
        "branch_coverage": false,
        "show_contexts": false
    },
    "files": {
        "api.py": {
            "executed_lines": [],
            "summary": {
                "covered_lines": 0,
                "num_statements": 1,
                "percent_covered": 0.0,
                "percent_covered_display": "0",
                "missing_lines": 1,
                "excluded_lines": 0,
                "percent_statements_covered": 0.0,
                "percent_statements_covered_display": "0"
            },
            "missing_lines": [
                6
            ],
            "excluded_lines": [],
            "functions": {
                "": {
                    "executed_lines": [],
                    "summary": {
                        "covered_lines": 0,
                        "num_statements": 1,
                        "percent_covered": 0.0,
                        "percent_covered_display": "0",
                        "missing_lines": 1,
                        "excluded_lines": 0,
                        "percent_statements_covered": 0.0,
                        "percent_statements_covered_display": "0"
                    },
                    "missing_lines": [
                        6
                    ],
                    "excluded_lines": [],
                    "start_line": 1
                }
            },
            "classes": {
                "": {
                    "executed_lines": [],
                    "summary": {
                        "covered_lines": 0,
                        "num_statements": 1,
                        "percent_covered": 0.0,
                        "percent_covered_display": "0",
                        "missing_lines": 1,
                        "excluded_lines": 0,
                        "percent_statements_covered": 0.0,
                        "percent_statements_covered_display": "0"
                    },
                    "missing_lines": [
                        6
                    ],
                    "excluded_lines": [],
                    "start_line": 1
                }
            }
        },
        "application/__init__.py": {
            "executed_lines": [],
            "summary": {
                "covered_lines": 0,
                "num_statements": 0,
                "percent_covered": 100.0,
                "percent_covered_display": "100",
                "missing_lines": 0,
                "excluded_lines": 0,
                "percent_statements_covered": 100.0,
                "percent_statements_covered_display": "100"
            },
            "missing_lines": [],
            "excluded_lines": [],
            "functions": {
                "": {
                    "executed_lines": [],
                    "summary": {
                        "covered_lines": 0,
                        "num_statements": 0,
                        "percent_covered": 100.0,
                        "percent_covered_display": "100",
                        "missing_lines": 0,
                        "excluded_lines": 0,
                        "percent_statements_covered": 100.0,
                        "percent_statements_covered_display": "100"
                    },
                    "missing_lines": [],
                    "excluded_lines": [],
                    "start_line": 1
                }
            },
            "classes": {
                "": {
                    "executed_lines": [],
                    "summary": {
                        "covered_lines": 0,
                        "num_statements": 0,
                        "percent_covered": 100.0,
                        "percent_covered_display": "100",
                        "missing_lines": 0,
                        "excluded_lines": 0,
                        "percent_statements_covered": 100.0,
                        "percent_statements_covered_display": "100"
                    },
                    "missing_lines": [],
                    "excluded_lines": [],
                    "start_line": 1
                }
            }
        },
        "application/channel_tracking.py": {
            "executed_lines": [
                15,
                16,
                17,
                18,
                19,
                21,
                22,
                23,
                24,
                25,
                28,
                29,
                31,
                32,
                35,
                40,
                56,
                57,
                58,
                59,
                60,
                61,
                64,
                74,
                75,
                83,
                84,
                89,
                92,
                93,
                94,
                95,
                96,
                97,
                100,
                101,
                103,
                104,
                105,
                106,
                107,
                108,
                110,
                111,
                112,
                113,
                116,
                118,
                119,
                120,
                121,
                122,
                124,
                125,
                126,
                127,
                129,
                130,
                131,
                132,
                133,
                136,
                137,
                138,
                139,
                140,
                141,
                142,
                143,
                153,
                154,
                157,
                158,
                159,
                160,
                164,
                166,
                168,
                169,
                171,
                173,
                176,
                177,
                179,
                249,
                250,
                251,
                252,
                253,
                256,
                274,
                275,
                276,
                282,
                284,
                285,
                286,
                288,
                289,
                290,
                291,
                292,
                293,
                294,
                296,
                297,
                298,
                301,
                302,
                303,
                304,
                305,
                306,
                319,
                320,
                321,
                325,
                350,
                353,
                361,
                362,
                364,
                365,
                366,
                367,
                369,
                370,
                371,
                372,
                373,
                375,
                376,
                380,
                381,
                387,
                397,
                401,
                402,
                404,
                408,
                410,
                411,
                425,
                474,
                476,
                477,
                478,
                479,
                480,
                481,
                482,
                486,
                487,
                489,
                491,
                516,
                519,
                521,
                523,
                524,
                526,
                529,
                542,
                543,
                548,
                549,
                550,
                551,
                552,
                553,
                554,
                556,
                557,
                558,
                564,
                575,
                593,
                594,
                597,
                599,
                600,
                602,
                604,
                605,
                606,
                607,
                609,
                610,
                611,
                612,
                613,
                615,
                616,
                617,
                618,
                619,
                620,
                621,
                623,
                624,
                625,
                626,
                639,
                649
            ],
            "summary": {
                "covered_lines": 204,
                "num_statements": 271,
                "percent_covered": 75.27675276752767,
                "percent_covered_display": "75",
                "missing_lines": 67,
                "excluded_lines": 0,
                "percent_statements_covered": 75.27675276752767,
                "percent_statements_covered_display": "75"
            },
            "missing_lines": [
                30,
                33,
                34,
                41,
                42,
                52,
                53,
                65,
                66,
                67,
                68,
                69,
                102,
                109,
                254,
                255,
                328,
                329,
                330,
                334,
                335,
                336,
                337,
                338,
                339,
                340,
                341,
                342,
                343,
                344,
                345,
                368,
                377,
                429,
                430,
                435,
                437,
                438,
                439,
                440,
                441,
                444,
                445,
                446,
                447,
                448,
                449,
                450,
                451,
                452,
                453,
                454,
                455,
                456,
                458,
                459,
                463,
                465,
                522,
                525,
                559,
                608,
                656,
                657,
                661,
                662,
                665
            ],
            "excluded_lines": [],
            "functions": {
                "_dt": {
                    "executed_lines": [
                        29,
                        31,
                        32,
                        35
                    ],
                    "summary": {
                        "covered_lines": 4,
                        "num_statements": 7,
                        "percent_covered": 57.142857142857146,
                        "percent_covered_display": "57",
                        "missing_lines": 3,
                        "excluded_lines": 0,
                        "percent_statements_covered": 57.142857142857146,
                        "percent_statements_covered_display": "57"
                    },
                    "missing_lines": [
                        30,
                        33,
                        34
                    ],
                    "excluded_lines": [],
                    "start_line": 28
                },
                "list_tracked": {
                    "executed_lines": [],
                    "summary": {
                        "covered_lines": 0,
                        "num_statements": 4,
                        "percent_covered": 0.0,
                        "percent_covered_display": "0",
                        "missing_lines": 4,
                        "excluded_lines": 0,
                        "percent_statements_covered": 0.0,
                        "percent_statements_covered_display": "0"
                    },
                    "missing_lines": [
                        41,
                        42,
                        52,
                        53
                    ],
                    "excluded_lines": [],
                    "start_line": 40
                },
                "track": {
                    "executed_lines": [
                        57,
                        58,
                        59,
                        60,
                        61
                    ],
                    "summary": {
                        "covered_lines": 5,
                        "num_statements": 5,
                        "percent_covered": 100.0,
                        "percent_covered_display": "100",
                        "missing_lines": 0,
                        "excluded_lines": 0,
                        "percent_statements_covered": 100.0,
                        "percent_statements_covered_display": "100"
                    },
                    "missing_lines": [],
                    "excluded_lines": [],
                    "start_line": 56
                },
                "untrack": {
                    "executed_lines": [],
                    "summary": {
                        "covered_lines": 0,
                        "num_statements": 5,
                        "percent_covered": 0.0,
                        "percent_covered_display": "0",
                        "missing_lines": 5,
                        "excluded_lines": 0,
                        "percent_statements_covered": 0.0,
                        "percent_statements_covered_display": "0"
                    },
                    "missing_lines": [
                        65,
                        66,
                        67,
                        68,
                        69
                    ],
                    "excluded_lines": [],
                    "start_line": 64
                },
                "_channel_videos": {
                    "executed_lines": [
                        75
                    ],
                    "summary": {
                        "covered_lines": 1,
                        "num_statements": 1,
                        "percent_covered": 100.0,
                        "percent_covered_display": "100",
                        "missing_lines": 0,
                        "excluded_lines": 0,
                        "percent_statements_covered": 100.0,
                        "percent_statements_covered_display": "100"
                    },
                    "missing_lines": [],
                    "excluded_lines": [],
                    "start_line": 74
                },
                "_channel_history": {
                    "executed_lines": [
                        84,
                        89
                    ],
                    "summary": {
                        "covered_lines": 2,
                        "num_statements": 2,
                        "percent_covered": 100.0,
                        "percent_covered_display": "100",
                        "missing_lines": 0,
                        "excluded_lines": 0,
                        "percent_statements_covered": 100.0,
                        "percent_statements_covered_display": "100"
                    },
                    "missing_lines": [],
                    "excluded_lines": [],
                    "start_line": 83
                },
                "_closest_before": {
                    "executed_lines": [
                        93,
                        94,
                        95,
                        96,
                        97
                    ],
                    "summary": {
                        "covered_lines": 5,
                        "num_statements": 5,
                        "percent_covered": 100.0,
                        "percent_covered_display": "100",
                        "missing_lines": 0,
                        "excluded_lines": 0,
                        "percent_statements_covered": 100.0,
                        "percent_statements_covered_display": "100"
                    },
                    "missing_lines": [],
                    "excluded_lines": [],
                    "start_line": 92
                },
                "_growth_block": {
                    "executed_lines": [
                        101,
                        103,
                        104,
                        105,
                        106,
                        107,
                        108,
                        110,
                        111,
                        112,
                        113
                    ],
                    "summary": {
                        "covered_lines": 11,
                        "num_statements": 13,
                        "percent_covered": 84.61538461538461,
                        "percent_covered_display": "85",
                        "missing_lines": 2,
                        "excluded_lines": 0,
                        "percent_statements_covered": 84.61538461538461,
                        "percent_statements_covered_display": "85"
                    },
                    "missing_lines": [
                        102,
                        109
                    ],
                    "excluded_lines": [],
                    "start_line": 100
                },
                "channel_analytics": {
                    "executed_lines": [
                        118,
                        119,
                        120,
                        121,
                        122,
                        124,
                        125,
                        126,
                        127,
                        129,
                        130,
                        131,
                        132,
                        133,
                        136,
                        137,
                        138,
                        139,
                        140,
                        141,
                        142,
                        143,
                        153,
                        154,
                        157,
                        158,
                        159,
                        160,
                        164,
                        166,
                        168,
                        169,
                        171,
                        173,
                        176,
                        177,
                        179
                    ],
                    "summary": {
                        "covered_lines": 37,
                        "num_statements": 37,
                        "percent_covered": 100.0,
                        "percent_covered_display": "100",
                        "missing_lines": 0,
                        "excluded_lines": 0,
                        "percent_statements_covered": 100.0,
                        "percent_statements_covered_display": "100"
                    },
                    "missing_lines": [],
                    "excluded_lines": [],
                    "start_line": 116
                },
                "compare_channels": {
                    "executed_lines": [
                        250,
                        251,
                        252,
                        253,
                        256,
                        274,
                        275,
                        276
                    ],
                    "summary": {
                        "covered_lines": 8,
                        "num_statements": 10,
                        "percent_covered": 80.0,
                        "percent_covered_display": "80",
                        "missing_lines": 2,
                        "excluded_lines": 0,
                        "percent_statements_covered": 80.0,
                        "percent_statements_covered_display": "80"
                    },
                    "missing_lines": [
                        254,
                        255
                    ],
                    "excluded_lines": [],
                    "start_line": 249
                },
                "channel_velocity": {
                    "executed_lines": [
                        284,
                        285,
                        286,
                        288,
                        289,
                        290,
                        291,
                        292,
                        293,
                        294,
                        296,
                        297,
                        298,
                        301,
                        302,
                        303,
                        304,
                        305,
                        306,
                        319,
                        320,
                        321
                    ],
                    "summary": {
                        "covered_lines": 22,
                        "num_statements": 22,
                        "percent_covered": 100.0,
                        "percent_covered_display": "100",
                        "missing_lines": 0,
                        "excluded_lines": 0,
                        "percent_statements_covered": 100.0,
                        "percent_statements_covered_display": "100"
                    },
                    "missing_lines": [],
                    "excluded_lines": [],
                    "start_line": 282
                },
                "title_changes": {
                    "executed_lines": [],
                    "summary": {
                        "covered_lines": 0,
                        "num_statements": 15,
                        "percent_covered": 0.0,
                        "percent_covered_display": "0",
                        "missing_lines": 15,
                        "excluded_lines": 0,
                        "percent_statements_covered": 0.0,
                        "percent_statements_covered_display": "0"
                    },
                    "missing_lines": [
                        328,
                        329,
                        330,
                        334,
                        335,
                        336,
                        337,
                        338,
                        339,
                        340,
                        341,
                        342,
                        343,
                        344,
                        345
                    ],
                    "excluded_lines": [],
                    "start_line": 325
                },
                "best_time_to_publish": {
                    "executed_lines": [
                        361,
                        362,
                        364,
                        365,
                        366,
                        367,
                        369,
                        370,
                        371,
                        372,
                        373,
                        375,
                        376,
                        380,
                        381,
                        387
                    ],
                    "summary": {
                        "covered_lines": 16,
                        "num_statements": 18,
                        "percent_covered": 88.88888888888889,
                        "percent_covered_display": "89",
                        "missing_lines": 2,
                        "excluded_lines": 0,
                        "percent_statements_covered": 88.88888888888889,
                        "percent_statements_covered_display": "89"
                    },
                    "missing_lines": [
                        368,
                        377
                    ],
                    "excluded_lines": [],
                    "start_line": 353
                },
                "title_patterns": {
                    "executed_lines": [
                        401,
                        402,
                        404,
                        408,
                        410,
                        411
                    ],
                    "summary": {
                        "covered_lines": 6,
                        "num_statements": 6,
                        "percent_covered": 100.0,
                        "percent_covered_display": "100",
                        "missing_lines": 0,
                        "excluded_lines": 0,
                        "percent_statements_covered": 100.0,
                        "percent_statements_covered_display": "100"
                    },
                    "missing_lines": [],
                    "excluded_lines": [],
                    "start_line": 397
                },
                "calibrate_maturity_curve": {
                    "executed_lines": [],
                    "summary": {
                        "covered_lines": 0,
                        "num_statements": 25,
                        "percent_covered": 0.0,
                        "percent_covered_display": "0",
                        "missing_lines": 25,
                        "excluded_lines": 0,
                        "percent_statements_covered": 0.0,
                        "percent_statements_covered_display": "0"
                    },
                    "missing_lines": [
                        429,
                        430,
                        435,
                        437,
                        438,
                        439,
                        440,
                        441,
                        444,
                        445,
                        446,
                        447,
                        448,
                        449,
                        450,
                        451,
                        452,
                        453,
                        454,
                        455,
                        456,
                        458,
                        459,
                        463,
                        465
                    ],
                    "excluded_lines": [],
                    "start_line": 425
                },
                "_channel_rows_from_videos": {
                    "executed_lines": [
                        476,
                        477,
                        478,
                        479,
                        480,
                        481,
                        482,
                        486,
                        487,
                        489,
                        491,
                        516
                    ],
                    "summary": {
                        "covered_lines": 12,
                        "num_statements": 12,
                        "percent_covered": 100.0,
                        "percent_covered_display": "100",
                        "missing_lines": 0,
                        "excluded_lines": 0,
                        "percent_statements_covered": 100.0,
                        "percent_statements_covered_display": "100"
                    },
                    "missing_lines": [],
                    "excluded_lines": [],
                    "start_line": 474
                },
                "_strength": {
                    "executed_lines": [
                        521,
                        523,
                        524,
                        526
                    ],
                    "summary": {
                        "covered_lines": 4,
                        "num_statements": 6,
                        "percent_covered": 66.66666666666667,
                        "percent_covered_display": "67",
                        "missing_lines": 2,
                        "excluded_lines": 0,
                        "percent_statements_covered": 66.66666666666667,
                        "percent_statements_covered_display": "67"
                    },
                    "missing_lines": [
                        522,
                        525
                    ],
                    "excluded_lines": [],
                    "start_line": 519
                },
                "recently_added_outlier_channels": {
                    "executed_lines": [
                        542,
                        543,
                        548,
                        549,
                        550,
                        551,
                        552,
                        553,
                        554,
                        556,
                        557,
                        558,
                        564
                    ],
                    "summary": {
                        "covered_lines": 13,
                        "num_statements": 14,
                        "percent_covered": 92.85714285714286,
                        "percent_covered_display": "93",
                        "missing_lines": 1,
                        "excluded_lines": 0,
                        "percent_statements_covered": 92.85714285714286,
                        "percent_statements_covered_display": "93"
                    },
                    "missing_lines": [
                        559
                    ],
                    "excluded_lines": [],
                    "start_line": 529
                },
                "high_future_competition": {
                    "executed_lines": [
                        593,
                        594,
                        597,
                        599,
                        600,
                        602,
                        604,
                        605,
                        606,
                        607,
                        609,
                        610,
                        611,
                        612,
                        613,
                        615,
                        616,
                        617,
                        618,
                        619,
                        620,
                        621,
                        623,
                        624,
                        625,
                        626,
                        639
                    ],
                    "summary": {
                        "covered_lines": 27,
                        "num_statements": 28,
                        "percent_covered": 96.42857142857143,
                        "percent_covered_display": "96",
                        "missing_lines": 1,
                        "excluded_lines": 0,
                        "percent_statements_covered": 96.42857142857143,
                        "percent_statements_covered_display": "96"
                    },
                    "missing_lines": [
                        608
                    ],
                    "excluded_lines": [],
                    "start_line": 575
                },
                "channel_history": {
                    "executed_lines": [],
                    "summary": {
                        "covered_lines": 0,
                        "num_statements": 5,
                        "percent_covered": 0.0,
                        "percent_covered_display": "0",
                        "missing_lines": 5,
                        "excluded_lines": 0,
                        "percent_statements_covered": 0.0,
                        "percent_statements_covered_display": "0"
                    },
                    "missing_lines": [
                        656,
                        657,
                        661,
                        662,
                        665
                    ],
                    "excluded_lines": [],
                    "start_line": 649
                },
                "": {
                    "executed_lines": [
                        15,
                        16,
                        17,
                        18,
                        19,
                        21,
                        22,
                        23,
                        24,
                        25,
                        28,
                        40,
                        56,
                        64,
                        74,
                        83,
                        92,
                        100,
                        116,
                        249,
                        282,
                        325,
                        350,
                        353,
                        397,
                        425,
                        474,
                        519,
                        529,
                        575,
                        649
                    ],
                    "summary": {
                        "covered_lines": 31,
                        "num_statements": 31,
                        "percent_covered": 100.0,
                        "percent_covered_display": "100",
                        "missing_lines": 0,
                        "excluded_lines": 0,
                        "percent_statements_covered": 100.0,
                        "percent_statements_covered_display": "100"
                    },
                    "missing_lines": [],
                    "excluded_lines": [],
                    "start_line": 1
                }
            },
            "classes": {
                "": {
                    "executed_lines": [
                        15,
                        16,
                        17,
                        18,
                        19,
                        21,
                        22,
                        23,
                        24,
                        25,
                        28,
                        29,
                        31,
                        32,
                        35,
                        40,
                        56,
                        57,
                        58,
                        59,
                        60,
                        61,
                        64,
                        74,
                        75,
                        83,
                        84,
                        89,
                        92,
                        93,
                        94,
                        95,
                        96,
                        97,
                        100,
                        101,
                        103,
                        104,
                        105,
                        106,
                        107,
                        108,
                        110,
                        111,
                        112,
                        113,
                        116,
                        118,
                        119,
                        120,
                        121,
                        122,
                        124,
                        125,
                        126,
                        127,
                        129,
                        130,
                        131,
                        132,
                        133,
                        136,
                        137,
                        138,
                        139,
                        140,
                        141,
                        142,
                        143,
                        153,
                        154,
                        157,
                        158,
                        159,
                        160,
                        164,
                        166,
                        168,
                        169,
                        171,
                        173,
                        176,
                        177,
                        179,
                        249,
                        250,
                        251,
                        252,
                        253,
                        256,
                        274,
                        275,
                        276,
                        282,
                        284,
                        285,
                        286,
                        288,
                        289,
                        290,
                        291,
                        292,
                        293,
                        294,
                        296,
                        297,
                        298,
                        301,
                        302,
                        303,
                        304,
                        305,
                        306,
                        319,
                        320,
                        321,
                        325,
                        350,
                        353,
                        361,
                        362,
                        364,
                        365,
                        366,
                        367,
                        369,
                        370,
                        371,
                        372,
                        373,
                        375,
                        376,
                        380,
                        381,
                        387,
                        397,
                        401,
                        402,
                        404,
                        408,
                        410,
                        411,
                        425,
                        474,
                        476,
                        477,
                        478,
                        479,
                        480,
                        481,
                        482,
                        486,
                        487,
                        489,
                        491,
                        516,
                        519,
                        521,
                        523,
                        524,
                        526,
                        529,
                        542,
                        543,
                        548,
                        549,
                        550,
                        551,
                        552,
                        553,
                        554,
                        556,
                        557,
                        558,
                        564,
                        575,
                        593,
                        594,
                        597,
                        599,
                        600,
                        602,
                        604,
                        605,
                        606,
                        607,
                        609,
                        610,
                        611,
                        612,
                        613,
                        615,
                        616,
                        617,
                        618,
                        619,
                        620,
                        621,
                        623,
                        624,
                        625,
                        626,
                        639,
                        649
                    ],
                    "summary": {
                        "covered_lines": 204,
                        "num_statements": 271,
                        "percent_covered": 75.27675276752767,
                        "percent_covered_display": "75",
                        "missing_lines": 67,
                        "excluded_lines": 0,
                        "percent_statements_covered": 75.27675276752767,
                        "percent_statements_covered_display": "75"
                    },
                    "missing_lines": [
                        30,
                        33,
                        34,
                        41,
                        42,
                        52,
                        53,
                        65,
                        66,
                        67,
                        68,
                        69,
                        102,
                        109,
                        254,
                        255,
                        328,
                        329,
                        330,
                        334,
                        335,
                        336,
                        337,
                        338,
                        339,
                        340,
                        341,
                        342,
                        343,
                        344,
                        345,
                        368,
                        377,
                        429,
                        430,
                        435,
                        437,
                        438,
                        439,
                        440,
                        441,
                        444,
                        445,
                        446,
                        447,
                        448,
                        449,
                        450,
                        451,
                        452,
                        453,
                        454,
                        455,
                        456,
                        458,
                        459,
                        463,
                        465,
                        522,
                        525,
                        559,
                        608,
                        656,
                        657,
                        661,
                        662,
                        665
                    ],
                    "excluded_lines": [],
                    "start_line": 1
                }
            }
        },
        "application/collecting.py": {
            "executed_lines": [],
            "summary": {
                "covered_lines": 0,
                "num_statements": 229,
                "percent_covered": 0.0,
                "percent_covered_display": "0",
                "missing_lines": 229,
                "excluded_lines": 3,
                "percent_statements_covered": 0.0,
                "percent_statements_covered_display": "0"
            },
            "missing_lines": [
                13,
                14,
                15,
                16,
                17,
                18,
                20,
                21,
                26,
                29,
                33,
                34,
                35,
                36,
                39,
                40,
                41,
                44,
                45,
                46,
                47,
                48,
                49,
                50,
                53,
                56,
                57,
                58,
                61,
                62,
                63,
                64,
                65,
                66,
                71,
                72,
                73,
                74,
                75,
                76,
                77,
                78,
                79,
                80,
                98,
                99,
                101,
                102,
                105,
                107,
                108,
                109,
                110,
                111,
                112,
                113,
                114,
                115,
                116,
                117,
                119,
                120,
                121,
                123,
                124,
                125,
                126,
                127,
                148,
                149,
                150,
                151,
                152,
                153,
                158,
                172,
                173,
                174,
                175,
                177,
                178,
                179,
                181,
                182,
                183,
                184,
                190,
                191,
                192,
                193,
                194,
                195,
                196,
                197,
                199,
                200,
                201,
                202,
                203,
                206,
                207,
                209,
                211,
                212,
                213,
                214,
                215,
                216,
                224,
                225,
                226,
                237,
                246,
                247,
                248,
                249,
                250,
                251,
                253,
                254,
                255,
                256,
                257,
                258,
                261,
                262,
                264,
                265,
                266,
                267,
                268,
                270,
                272,
                273,
                274,
                276,
                277,
                279,
                280,
                281,
                287,
                288,
                291,
                293,
                294,
                295,
                296,
                297,
                298,
                299,
                300,
                301,
                302,
                303,
                306,
                313,
                314,
                315,
                316,
                317,
                318,
                320,
                321,
                322,
                324,
                325,
                326,
                327,
                328,
                329,
                330,
                340,
                348,
                349,
                350,
                351,
                352,
                353,
                354,
                355,
                356,
                357,
                358,
                359,
                360,
                361,
                362,
                363,
                365,
                366,
                368,
                369,
                370,
                371,
                372,
                373,
                374,
                375,
                376,
                377,
                378,
                379,
                380,
                383,
                384,
                390,
                393,
                394,
                395,
                396,
                397,
                404,
                407,
                408,
                409,
                410,
                411,
                414,
                416,
                417,
                418,
                420,
                421,
                422,
                423,
                424,
                426,
                427,
                428
            ],
            "excluded_lines": [
                22,
                23,
                24
            ],
            "functions": {
                "_embeddings": {
                    "executed_lines": [],
                    "summary": {
                        "covered_lines": 0,
                        "num_statements": 4,
                        "percent_covered": 0.0,
                        "percent_covered_display": "0",
                        "missing_lines": 4,
                        "excluded_lines": 0,
                        "percent_statements_covered": 0.0,
                        "percent_statements_covered_display": "0"
                    },
                    "missing_lines": [
                        33,
                        34,
                        35,
                        36
                    ],
                    "excluded_lines": [],
                    "start_line": 29
                },
                "slugify": {
                    "executed_lines": [],
                    "summary": {
                        "covered_lines": 0,
                        "num_statements": 2,
                        "percent_covered": 0.0,
                        "percent_covered_display": "0",
                        "missing_lines": 2,
                        "excluded_lines": 0,
                        "percent_statements_covered": 0.0,
                        "percent_statements_covered_display": "0"
                    },
                    "missing_lines": [
                        40,
                        41
                    ],
                    "excluded_lines": [],
                    "start_line": 39
                },
                "detect_language": {
                    "executed_lines": [],
                    "summary": {
                        "covered_lines": 0,
                        "num_statements": 6,
                        "percent_covered": 0.0,
                        "percent_covered_display": "0",
                        "missing_lines": 6,
                        "excluded_lines": 0,
                        "percent_statements_covered": 0.0,
                        "percent_statements_covered_display": "0"
                    },
                    "missing_lines": [
                        45,
                        46,
                        47,
                        48,
                        49,
                        50
                    ],
                    "excluded_lines": [],
                    "start_line": 44
                },
                "_topics": {
                    "executed_lines": [],
                    "summary": {
                        "covered_lines": 0,
                        "num_statements": 3,
                        "percent_covered": 0.0,
                        "percent_covered_display": "0",
                        "missing_lines": 3,
                        "excluded_lines": 0,
                        "percent_statements_covered": 0.0,
                        "percent_statements_covered_display": "0"
                    },
                    "missing_lines": [
                        56,
                        57,
                        58
                    ],
                    "excluded_lines": [],
                    "start_line": 53
                },
                "_thumb": {
                    "executed_lines": [],
                    "summary": {
                        "covered_lines": 0,
                        "num_statements": 5,
                        "percent_covered": 0.0,
                        "percent_covered_display": "0",
                        "missing_lines": 5,
                        "excluded_lines": 0,
                        "percent_statements_covered": 0.0,
                        "percent_statements_covered_display": "0"
                    },
                    "missing_lines": [
                        62,
                        63,
                        64,
                        65,
                        66
                    ],
                    "excluded_lines": [],
                    "start_line": 61
                },
                "store_channels": {
                    "executed_lines": [],
                    "summary": {
                        "covered_lines": 0,
                        "num_statements": 13,
                        "percent_covered": 0.0,
                        "percent_covered_display": "0",
                        "missing_lines": 13,
                        "excluded_lines": 0,
                        "percent_statements_covered": 0.0,
                        "percent_statements_covered_display": "0"
                    },
                    "missing_lines": [
                        72,
                        73,
                        74,
                        75,
                        76,
                        77,
                        78,
                        79,
                        80,
                        98,
                        99,
                        101,
                        102
                    ],
                    "excluded_lines": [],
                    "start_line": 71
                },
                "store_videos": {
                    "executed_lines": [],
                    "summary": {
                        "covered_lines": 0,
                        "num_statements": 25,
                        "percent_covered": 0.0,
                        "percent_covered_display": "0",
                        "missing_lines": 25,
                        "excluded_lines": 0,
                        "percent_statements_covered": 0.0,
                        "percent_statements_covered_display": "0"
                    },
                    "missing_lines": [
                        107,
                        108,
                        109,
                        110,
                        111,
                        112,
                        113,
                        114,
                        115,
                        116,
                        117,
                        119,
                        120,
                        121,
                        123,
                        124,
                        125,
                        126,
                        127,
                        148,
                        149,
                        150,
                        151,
                        152,
                        153
                    ],
                    "excluded_lines": [],
                    "start_line": 105
                },
                "collect_niche": {
                    "executed_lines": [],
                    "summary": {
                        "covered_lines": 0,
                        "num_statements": 33,
                        "percent_covered": 0.0,
                        "percent_covered_display": "0",
                        "missing_lines": 33,
                        "excluded_lines": 0,
                        "percent_statements_covered": 0.0,
                        "percent_statements_covered_display": "0"
                    },
                    "missing_lines": [
                        172,
                        173,
                        174,
                        175,
                        177,
                        178,
                        179,
                        181,
                        182,
                        183,
                        184,
                        190,
                        191,
                        192,
                        193,
                        194,
                        195,
                        196,
                        197,
                        199,
                        200,
                        201,
                        202,
                        203,
                        206,
                        207,
                        209,
                        211,
                        212,
                        213,
                        214,
                        215,
                        216
                    ],
                    "excluded_lines": [],
                    "start_line": 158
                },
                "_quota": {
                    "executed_lines": [],
                    "summary": {
                        "covered_lines": 0,
                        "num_statements": 2,
                        "percent_covered": 0.0,
                        "percent_covered_display": "0",
                        "missing_lines": 2,
                        "excluded_lines": 0,
                        "percent_statements_covered": 0.0,
                        "percent_statements_covered_display": "0"
                    },
                    "missing_lines": [
                        225,
                        226
                    ],
                    "excluded_lines": [],
                    "start_line": 224
                },
                "collect_trending": {
                    "executed_lines": [],
                    "summary": {
                        "covered_lines": 0,
                        "num_statements": 28,
                        "percent_covered": 0.0,
                        "percent_covered_display": "0",
                        "missing_lines": 28,
                        "excluded_lines": 0,
                        "percent_statements_covered": 0.0,
                        "percent_statements_covered_display": "0"
                    },
                    "missing_lines": [
                        246,
                        247,
                        248,
                        249,
                        250,
                        251,
                        253,
                        254,
                        255,
                        256,
                        257,
                        258,
                        261,
                        262,
                        264,
                        265,
                        266,
                        267,
                        268,
                        270,
                        272,
                        273,
                        274,
                        276,
                        277,
                        279,
                        280,
                        281
                    ],
                    "excluded_lines": [],
                    "start_line": 237
                },
                "resolve_channel": {
                    "executed_lines": [],
                    "summary": {
                        "covered_lines": 0,
                        "num_statements": 11,
                        "percent_covered": 0.0,
                        "percent_covered_display": "0",
                        "missing_lines": 11,
                        "excluded_lines": 0,
                        "percent_statements_covered": 0.0,
                        "percent_statements_covered_display": "0"
                    },
                    "missing_lines": [
                        293,
                        294,
                        295,
                        296,
                        297,
                        298,
                        299,
                        300,
                        301,
                        302,
                        303
                    ],
                    "excluded_lines": [],
                    "start_line": 291
                },
                "collect_channel": {
                    "executed_lines": [],
                    "summary": {
                        "covered_lines": 0,
                        "num_statements": 16,
                        "percent_covered": 0.0,
                        "percent_covered_display": "0",
                        "missing_lines": 16,
                        "excluded_lines": 0,
                        "percent_statements_covered": 0.0,
                        "percent_statements_covered_display": "0"
                    },
                    "missing_lines": [
                        313,
                        314,
                        315,
                        316,
                        317,
                        318,
                        320,
                        321,
                        322,
                        324,
                        325,
                        326,
                        327,
                        328,
                        329,
                        330
                    ],
                    "excluded_lines": [],
                    "start_line": 306
                },
                "refresh_stats": {
                    "executed_lines": [],
                    "summary": {
                        "covered_lines": 0,
                        "num_statements": 39,
                        "percent_covered": 0.0,
                        "percent_covered_display": "0",
                        "missing_lines": 39,
                        "excluded_lines": 0,
                        "percent_statements_covered": 0.0,
                        "percent_statements_covered_display": "0"
                    },
                    "missing_lines": [
                        348,
                        349,
                        350,
                        351,
                        352,
                        353,
                        354,
                        355,
                        356,
                        357,
                        358,
                        359,
                        360,
                        361,
                        362,
                        363,
                        365,
                        366,
                        368,
                        369,
                        370,
                        371,
                        372,
                        373,
                        374,
                        375,
                        376,
                        377,
                        378,
                        379,
                        380,
                        383,
                        384,
                        390,
                        393,
                        394,
                        395,
                        396,
                        397
                    ],
                    "excluded_lines": [],
                    "start_line": 340
                },
                "refresh_channels": {
                    "executed_lines": [],
                    "summary": {
                        "covered_lines": 0,
                        "num_statements": 17,
                        "percent_covered": 0.0,
                        "percent_covered_display": "0",
                        "missing_lines": 17,
                        "excluded_lines": 0,
                        "percent_statements_covered": 0.0,
                        "percent_statements_covered_display": "0"
                    },
                    "missing_lines": [
                        407,
                        408,
                        409,
                        410,
                        411,
                        414,
                        416,
                        417,
                        418,
                        420,
                        421,
                        422,
                        423,
                        424,
                        426,
                        427,
                        428
                    ],
                    "excluded_lines": [],
                    "start_line": 404
                },
                "": {
                    "executed_lines": [],
                    "summary": {
                        "covered_lines": 0,
                        "num_statements": 25,
                        "percent_covered": 0.0,
                        "percent_covered_display": "0",
                        "missing_lines": 25,
                        "excluded_lines": 3,
                        "percent_statements_covered": 0.0,
                        "percent_statements_covered_display": "0"
                    },
                    "missing_lines": [
                        13,
                        14,
                        15,
                        16,
                        17,
                        18,
                        20,
                        21,
                        26,
                        29,
                        39,
                        44,
                        53,
                        61,
                        71,
                        105,
                        158,
                        224,
                        237,
                        287,
                        288,
                        291,
                        306,
                        340,
                        404
                    ],
                    "excluded_lines": [
                        22,
                        23,
                        24
                    ],
                    "start_line": 1
                }
            },
            "classes": {
                "": {
                    "executed_lines": [],
                    "summary": {
                        "covered_lines": 0,
                        "num_statements": 229,
                        "percent_covered": 0.0,
                        "percent_covered_display": "0",
                        "missing_lines": 229,
                        "excluded_lines": 3,
                        "percent_statements_covered": 0.0,
                        "percent_statements_covered_display": "0"
                    },
                    "missing_lines": [
                        13,
                        14,
                        15,
                        16,
                        17,
                        18,
                        20,
                        21,
                        26,
                        29,
                        33,
                        34,
                        35,
                        36,
                        39,
                        40,
                        41,
                        44,
                        45,
                        46,
                        47,
                        48,
                        49,
                        50,
                        53,
                        56,
                        57,
                        58,
                        61,
                        62,
                        63,
                        64,
                        65,
                        66,
                        71,
                        72,
                        73,
                        74,
                        75,
                        76,
                        77,
                        78,
                        79,
                        80,
                        98,
                        99,
                        101,
                        102,
                        105,
                        107,
                        108,
                        109,
                        110,
                        111,
                        112,
                        113,
                        114,
                        115,
                        116,
                        117,
                        119,
                        120,
                        121,
                        123,
                        124,
                        125,
                        126,
                        127,
                        148,
                        149,
                        150,
                        151,
                        152,
                        153,
                        158,
                        172,
                        173,
                        174,
                        175,
                        177,
                        178,
                        179,
                        181,
                        182,
                        183,
                        184,
                        190,
                        191,
                        192,
                        193,
                        194,
                        195,
                        196,
                        197,
                        199,
                        200,
                        201,
                        202,
                        203,
                        206,
                        207,
                        209,
                        211,
                        212,
                        213,
                        214,
                        215,
                        216,
                        224,
                        225,
                        226,
                        237,
                        246,
                        247,
                        248,
                        249,
                        250,
                        251,
                        253,
                        254,
                        255,
                        256,
                        257,
                        258,
                        261,
                        262,
                        264,
                        265,
                        266,
                        267,
                        268,
                        270,
                        272,
                        273,
                        274,
                        276,
                        277,
                        279,
                        280,
                        281,
                        287,
                        288,
                        291,
                        293,
                        294,
                        295,
                        296,
                        297,
                        298,
                        299,
                        300,
                        301,
                        302,
                        303,
                        306,
                        313,
                        314,
                        315,
                        316,
                        317,
                        318,
                        320,
                        321,
                        322,
                        324,
                        325,
                        326,
                        327,
                        328,
                        329,
                        330,
                        340,
                        348,
                        349,
                        350,
                        351,
                        352,
                        353,
                        354,
                        355,
                        356,
                        357,
                        358,
                        359,
                        360,
                        361,
                        362,
                        363,
                        365,
                        366,
                        368,
                        369,
                        370,
                        371,
                        372,
                        373,
                        374,
                        375,
                        376,
                        377,
                        378,
                        379,
                        380,
                        383,
                        384,
                        390,
                        393,
                        394,
                        395,
                        396,
                        397,
                        404,
                        407,
                        408,
                        409,
                        410,
                        411,
                        414,
                        416,
                        417,
                        418,
                        420,
                        421,
                        422,
                        423,
                        424,
                        426,
                        427,
                        428
                    ],
                    "excluded_lines": [
                        22,
                        23,
                        24
                    ],
                    "start_line": 1
                }
            }
        },
        "application/discovery.py": {
            "executed_lines": [
                14,
                15,
                16,
                18,
                19,
                20,
                21,
                22,
                27,
                39,
                42,
                43,
                44,
                45,
                46,
                49,
                52,
                55,
                58,
                61,
                64,
                67,
                68,
                69,
                81,
                88,
                96,
                97,
                98,
                99,
                100,
                101,
                103,
                104,
                105,
                106,
                107,
                108,
                110,
                111,
                112,
                114,
                115,
                116,
                118,
                119,
                120,
                123,
                124,
                125,
                128,
                135,
                136,
                137,
                138,
                139,
                140,
                141,
                144,
                145,
                146,
                147,
                148,
                149,
                150,
                151,
                152,
                153,
                156,
                157,
                158,
                159,
                160,
                161,
                162,
                163,
                166,
                167,
                168,
                171,
                173,
                174,
                177,
                178,
                179,
                180,
                181,
                182,
                183,
                184,
                185,
                186,
                187,
                188,
                189,
                191,
                192,
                194,
                195,
                196,
                198,
                199,
                200,
                201,
                202,
                203,
                204,
                205,
                206,
                207,
                208,
                209,
                210,
                212,
                213,
                218,
                233,
                251,
                254,
                256,
                257,
                258,
                259,
                263,
                264,
                265,
                266,
                267,
                268,
                270,
                276,
                277,
                279,
                298,
                300,
                301,
                316,
                317,
                357,
                367,
                370,
                371,
                373,
                374,
                375,
                376,
                377,
                379,
                380,
                381,
                383,
                384,
                385,
                387,
                388,
                389,
                390,
                391,
                392,
                393,
                394,
                418,
                420,
                422,
                423,
                431,
                449,
                460,
                463,
                464,
                466,
                467,
                471,
                472,
                473,
                475,
                476,
                477,
                480,
                482,
                483,
                484,
                490,
                512,
                515,
                516,
                517,
                518,
                521,
                523,
                524,
                526,
                528,
                530,
                531
            ],
            "summary": {
                "covered_lines": 195,
                "num_statements": 230,
                "percent_covered": 84.78260869565217,
                "percent_covered_display": "85",
                "missing_lines": 35,
                "excluded_lines": 0,
                "percent_statements_covered": 84.78260869565217,
                "percent_statements_covered_display": "85"
            },
            "missing_lines": [
                47,
                48,
                50,
                51,
                53,
                54,
                56,
                57,
                59,
                60,
                62,
                63,
                70,
                71,
                72,
                73,
                121,
                169,
                170,
                172,
                260,
                261,
                271,
                273,
                302,
                303,
                307,
                308,
                309,
                310,
                312,
                313,
                386,
                424,
                485
            ],
            "excluded_lines": [],
            "functions": {
                "_filters": {
                    "executed_lines": [
                        42,
                        43,
                        44,
                        45,
                        46,
                        49,
                        52,
                        55,
                        58,
                        61,
                        64
                    ],
                    "summary": {
                        "covered_lines": 11,
                        "num_statements": 23,
                        "percent_covered": 47.82608695652174,
                        "percent_covered_display": "48",
                        "missing_lines": 12,
                        "excluded_lines": 0,
                        "percent_statements_covered": 47.82608695652174,
                        "percent_statements_covered_display": "48"
                    },
                    "missing_lines": [
                        47,
                        48,
                        50,
                        51,
                        53,
                        54,
                        56,
                        57,
                        59,
                        60,
                        62,
                        63
                    ],
                    "excluded_lines": [],
                    "start_line": 39
                },
                "_lang_ok": {
                    "executed_lines": [
                        68,
                        69
                    ],
                    "summary": {
                        "covered_lines": 2,
                        "num_statements": 6,
                        "percent_covered": 33.333333333333336,
                        "percent_covered_display": "33",
                        "missing_lines": 4,
                        "excluded_lines": 0,
                        "percent_statements_covered": 33.333333333333336,
                        "percent_statements_covered_display": "33"
                    },
                    "missing_lines": [
                        70,
                        71,
                        72,
                        73
                    ],
                    "excluded_lines": [],
                    "start_line": 67
                },
                "load_window": {
                    "executed_lines": [
                        96,
                        97,
                        98,
                        99,
                        100,
[...]
                        295,
                        296,
                        300,
                        303,
                        304,
                        306,
                        309,
                        310,
                        312,
                        315,
                        316,
                        320,
                        325,
                        326,
                        333,
                        334,
                        336,
                        337,
                        338,
                        339,
                        340,
                        343,
                        344,
                        346,
                        349,
                        350,
                        352,
                        355,
                        356,
                        364,
                        367,
                        368,
                        371,
                        374,
                        375,
                        378,
                        381,
                        382,
                        385,
                        388,
                        389,
                        395,
                        400,
                        401,
                        407,
                        412,
                        413,
                        417,
                        420,
                        421,
                        422,
                        423,
                        425,
                        429,
                        430
                    ],
                    "excluded_lines": [],
                    "start_line": 1
                }
            }
        },
        "interfaces/worker/__init__.py": {
            "executed_lines": [],
            "summary": {
                "covered_lines": 0,
                "num_statements": 0,
                "percent_covered": 100.0,
                "percent_covered_display": "100",
                "missing_lines": 0,
                "excluded_lines": 0,
                "percent_statements_covered": 100.0,
                "percent_statements_covered_display": "100"
            },
            "missing_lines": [],
            "excluded_lines": [],
            "functions": {
                "": {
                    "executed_lines": [],
                    "summary": {
                        "covered_lines": 0,
                        "num_statements": 0,
                        "percent_covered": 100.0,
                        "percent_covered_display": "100",
                        "missing_lines": 0,
                        "excluded_lines": 0,
                        "percent_statements_covered": 100.0,
                        "percent_statements_covered_display": "100"
                    },
                    "missing_lines": [],
                    "excluded_lines": [],
                    "start_line": 1
                }
            },
            "classes": {
                "": {
                    "executed_lines": [],
                    "summary": {
                        "covered_lines": 0,
                        "num_statements": 0,
                        "percent_covered": 100.0,
                        "percent_covered_display": "100",
                        "missing_lines": 0,
                        "excluded_lines": 0,
                        "percent_statements_covered": 100.0,
                        "percent_statements_covered_display": "100"
                    },
                    "missing_lines": [],
                    "excluded_lines": [],
                    "start_line": 1
                }
            }
        },
        "interfaces/worker/main.py": {
            "executed_lines": [],
            "summary": {
                "covered_lines": 0,
                "num_statements": 3,
                "percent_covered": 0.0,
                "percent_covered_display": "0",
                "missing_lines": 3,
                "excluded_lines": 0,
                "percent_statements_covered": 0.0,
                "percent_statements_covered_display": "0"
            },
            "missing_lines": [
                3,
                5,
                6
            ],
            "excluded_lines": [],
            "functions": {
                "": {
                    "executed_lines": [],
                    "summary": {
                        "covered_lines": 0,
                        "num_statements": 3,
                        "percent_covered": 0.0,
                        "percent_covered_display": "0",
                        "missing_lines": 3,
                        "excluded_lines": 0,
                        "percent_statements_covered": 0.0,
                        "percent_statements_covered_display": "0"
                    },
                    "missing_lines": [
                        3,
                        5,
                        6
                    ],
                    "excluded_lines": [],
                    "start_line": 1
                }
            },
            "classes": {
                "": {
                    "executed_lines": [],
                    "summary": {
                        "covered_lines": 0,
                        "num_statements": 3,
                        "percent_covered": 0.0,
                        "percent_covered_display": "0",
                        "missing_lines": 3,
                        "excluded_lines": 0,
                        "percent_statements_covered": 0.0,
                        "percent_statements_covered_display": "0"
                    },
                    "missing_lines": [
                        3,
                        5,
                        6
                    ],
                    "excluded_lines": [],
                    "start_line": 1
                }
            }
        },
        "migrate_sqlite_to_postgres.py": {
            "executed_lines": [],
            "summary": {
                "covered_lines": 0,
                "num_statements": 58,
                "percent_covered": 0.0,
                "percent_covered_display": "0",
                "missing_lines": 58,
                "excluded_lines": 0,
                "percent_statements_covered": 0.0,
                "percent_statements_covered_display": "0"
            },
            "missing_lines": [
                13,
                14,
                16,
                19,
                58,
                59,
                62,
                63,
                64,
                65,
                66,
                67,
                68,
                69,
                70,
                71,
                72,
                74,
                75,
                76,
                77,
                80,
                81,
                82,
                83,
                84,
                88,
                89,
                95,
                100,
                101,
                103,
                108,
                109,
                113,
                114,
                119,
                120,
                123,
                124,
                125,
                126,
                128,
                129,
                130,
                131,
                133,
                134,
                135,
                136,
                139,
                140,
                141,
                142,
                143,
                144,
                145,
                146
            ],
            "excluded_lines": [],
            "functions": {
                "_existing_sqlite_columns": {
                    "executed_lines": [],
                    "summary": {
                        "covered_lines": 0,
                        "num_statements": 1,
                        "percent_covered": 0.0,
                        "percent_covered_display": "0",
                        "missing_lines": 1,
                        "excluded_lines": 0,
                        "percent_statements_covered": 0.0,
                        "percent_statements_covered_display": "0"
                    },
                    "missing_lines": [
                        59
                    ],
                    "excluded_lines": [],
                    "start_line": 58
                },
                "_migrate_table": {
                    "executed_lines": [],
                    "summary": {
                        "covered_lines": 0,
                        "num_statements": 14,
                        "percent_covered": 0.0,
                        "percent_covered_display": "0",
                        "missing_lines": 14,
                        "excluded_lines": 0,
                        "percent_statements_covered": 0.0,
                        "percent_statements_covered_display": "0"
                    },
                    "missing_lines": [
                        63,
                        64,
                        65,
                        66,
                        67,
                        68,
                        69,
                        70,
                        71,
                        72,
                        74,
                        75,
                        76,
                        77
                    ],
                    "excluded_lines": [],
                    "start_line": 62
                },
                "_migrate_charts": {
                    "executed_lines": [],
                    "summary": {
                        "covered_lines": 0,
                        "num_statements": 16,
                        "percent_covered": 0.0,
                        "percent_covered_display": "0",
                        "missing_lines": 16,
                        "excluded_lines": 0,
                        "percent_statements_covered": 0.0,
                        "percent_statements_covered_display": "0"
                    },
                    "missing_lines": [
                        81,
                        82,
                        83,
                        84,
                        88,
                        89,
                        95,
                        100,
                        101,
                        103,
                        108,
                        109,
                        113,
                        114,
                        119,
                        120
                    ],
                    "excluded_lines": [],
                    "start_line": 80
                },
                "migrate": {
                    "executed_lines": [],
                    "summary": {
                        "covered_lines": 0,
                        "num_statements": 11,
                        "percent_covered": 0.0,
                        "percent_covered_display": "0",
                        "missing_lines": 11,
                        "excluded_lines": 0,
                        "percent_statements_covered": 0.0,
                        "percent_statements_covered_display": "0"
                    },
                    "missing_lines": [
                        124,
                        125,
                        126,
                        128,
                        129,
                        130,
                        131,
                        133,
                        134,
                        135,
                        136
                    ],
                    "excluded_lines": [],
                    "start_line": 123
                },
                "": {
                    "executed_lines": [],
                    "summary": {
                        "covered_lines": 0,
                        "num_statements": 16,
                        "percent_covered": 0.0,
                        "percent_covered_display": "0",
                        "missing_lines": 16,
                        "excluded_lines": 0,
                        "percent_statements_covered": 0.0,
                        "percent_statements_covered_display": "0"
                    },
                    "missing_lines": [
                        13,
                        14,
                        16,
                        19,
                        58,
                        62,
                        80,
                        123,
                        139,
                        140,
                        141,
                        142,
                        143,
                        144,
                        145,
                        146
                    ],
                    "excluded_lines": [],
                    "start_line": 1
                }
            },
            "classes": {
                "": {
                    "executed_lines": [],
                    "summary": {
                        "covered_lines": 0,
                        "num_statements": 58,
                        "percent_covered": 0.0,
                        "percent_covered_display": "0",
                        "missing_lines": 58,
                        "excluded_lines": 0,
                        "percent_statements_covered": 0.0,
                        "percent_statements_covered_display": "0"
                    },
                    "missing_lines": [
                        13,
                        14,
                        16,
                        19,
                        58,
                        59,
                        62,
                        63,
                        64,
                        65,
                        66,
                        67,
                        68,
                        69,
                        70,
                        71,
                        72,
                        74,
                        75,
                        76,
                        77,
                        80,
                        81,
                        82,
                        83,
                        84,
                        88,
                        89,
                        95,
                        100,
                        101,
                        103,
                        108,
                        109,
                        113,
                        114,
                        119,
                        120,
                        123,
                        124,
                        125,
                        126,
                        128,
                        129,
                        130,
                        131,
                        133,
                        134,
                        135,
                        136,
                        139,
                        140,
                        141,
                        142,
                        143,
                        144,
                        145,
                        146
                    ],
                    "excluded_lines": [],
                    "start_line": 1
                }
            }
        },
        "server.py": {
            "executed_lines": [],
            "summary": {
                "covered_lines": 0,
                "num_statements": 3,
                "percent_covered": 0.0,
                "percent_covered_display": "0",
                "missing_lines": 3,
                "excluded_lines": 0,
                "percent_statements_covered": 0.0,
                "percent_statements_covered_display": "0"
            },
            "missing_lines": [
                6,
                8,
                9
            ],
            "excluded_lines": [],
            "functions": {
                "": {
                    "executed_lines": [],
                    "summary": {
                        "covered_lines": 0,
                        "num_statements": 3,
                        "percent_covered": 0.0,
                        "percent_covered_display": "0",
                        "missing_lines": 3,
                        "excluded_lines": 0,
                        "percent_statements_covered": 0.0,
                        "percent_statements_covered_display": "0"
                    },
                    "missing_lines": [
                        6,
                        8,
                        9
                    ],
                    "excluded_lines": [],
                    "start_line": 1
                }
            },
            "classes": {
                "": {
                    "executed_lines": [],
                    "summary": {
                        "covered_lines": 0,
                        "num_statements": 3,
                        "percent_covered": 0.0,
                        "percent_covered_display": "0",
                        "missing_lines": 3,
                        "excluded_lines": 0,
                        "percent_statements_covered": 0.0,
                        "percent_statements_covered_display": "0"
                    },
                    "missing_lines": [
                        6,
                        8,
                        9
                    ],
                    "excluded_lines": [],
                    "start_line": 1
                }
            }
        },
        "worker.py": {
            "executed_lines": [],
            "summary": {
                "covered_lines": 0,
                "num_statements": 3,
                "percent_covered": 0.0,
                "percent_covered_display": "0",
                "missing_lines": 3,
                "excluded_lines": 0,
                "percent_statements_covered": 0.0,
                "percent_statements_covered_display": "0"
            },
            "missing_lines": [
                6,
                8,
                9
            ],
            "excluded_lines": [],
            "functions": {
                "": {
                    "executed_lines": [],
                    "summary": {
                        "covered_lines": 0,
                        "num_statements": 3,
                        "percent_covered": 0.0,
                        "percent_covered_display": "0",
                        "missing_lines": 3,
                        "excluded_lines": 0,
                        "percent_statements_covered": 0.0,
                        "percent_statements_covered_display": "0"
                    },
                    "missing_lines": [
                        6,
                        8,
                        9
                    ],
                    "excluded_lines": [],
                    "start_line": 1
                }
            },
            "classes": {
                "": {
                    "executed_lines": [],
                    "summary": {
                        "covered_lines": 0,
                        "num_statements": 3,
                        "percent_covered": 0.0,
                        "percent_covered_display": "0",
                        "missing_lines": 3,
                        "excluded_lines": 0,
                        "percent_statements_covered": 0.0,
                        "percent_statements_covered_display": "0"
                    },
                    "missing_lines": [
                        6,
                        8,
                        9
                    ],
                    "excluded_lines": [],
                    "start_line": 1
                }
            }
        }
    },
    "totals": {
        "covered_lines": 929,
        "num_statements": 2019,
        "percent_covered": 46.012877662209014,
        "percent_covered_display": "46",
        "missing_lines": 1090,
        "excluded_lines": 19,
        "percent_statements_covered": 46.012877662209014,
        "percent_statements_covered_display": "46"
    }
}